# JRE version: OpenJDK Runtime Environment Microsoft-9388422 (21.0.3+9) (build 21.0.3+9-LTS)
# Java VM: OpenJDK 64-Bit Server VM Microsoft-9388422 (21.0.3+9-LTS, mixed mode, sharing, tiered, compressed oops, compressed class ptrs, g1 gc, linux-amd64)
GC Precious Log:
 CardTable entry size: 512
 Card Set container configuration: InlinePtr #cards 4 size 8 Array Of Cards #cards 64 size 144 Howl #buckets 8 coarsen threshold 14745 Howl Bitmap #cards 2048 size 272 coarsen threshold 1843 Card regions per heap region 1 cards per card region 16384
 CPUs: 4 total, 4 available
 Memory: 15981M
 Large Page Support: Disabled
 NUMA Support: Disabled
 Compressed Oops: Enabled (Zero based)
 Heap Region Size: 8M
 Heap Min Capacity: 2G
 Heap Initial Capacity: 2G
 Heap Max Capacity: 12G
 Pre-touch: Disabled
 Parallel Workers: 4
 Concurrent Workers: 1
 Concurrent Refinement Workers: 4
 Periodic GC: Disabled
Heap:
 garbage-first heap   total 2105344K, used 1057186K [0x0000000500000000, 0x0000000800000000)
  region size 8192K, 115 young (942080K), 3 survivors (24576K)
 Metaspace       used 20322K, committed 20736K, reserved 1114112K
  class space    used 2174K, committed 2368K, reserved 1048576K
GC Heap History (14 events):
Event: 3.924 GC heap before
{Heap before GC invocations=0 (full 0):
 garbage-first heap   total 2105344K, used 140318K [0x0000000500000000, 0x0000000800000000)
  region size 8192K, 12 young (98304K), 0 survivors (0K)
 Metaspace       used 11485K, committed 11776K, reserved 1114112K
  class space    used 1187K, committed 1344K, reserved 1048576K
}
Event: 3.938 GC heap after
{Heap after GC invocations=1 (full 0):
 garbage-first heap   total 2105344K, used 24606K [0x0000000500000000, 0x0000000800000000)
  region size 8192K, 2 young (16384K), 2 survivors (16384K)
 Metaspace       used 11485K, committed 11776K, reserved 1114112K
  class space    used 1187K, committed 1344K, reserved 1048576K
}
Event: 18.129 GC heap before
{Heap before GC invocations=1 (full 0):
 garbage-first heap   total 2105344K, used 106526K [0x0000000500000000, 0x0000000800000000)
  region size 8192K, 12 young (98304K), 2 survivors (16384K)
 Metaspace       used 12307K, committed 12544K, reserved 1114112K
  class space    used 1264K, committed 1408K, reserved 1048576K
}
Event: 18.151 GC heap after
{Heap after GC invocations=2 (full 0):
 garbage-first heap   total 2105344K, used 50206K [0x0000000500000000, 0x0000000800000000)
  region size 8192K, 2 young (16384K), 2 survivors (16384K)
 Metaspace       used 12307K, committed 12544K, reserved 1114112K
  class space    used 1264K, committed 1408K, reserved 1048576K
}
Event: 18.410 GC heap before
{Heap before GC invocations=2 (full 0):
 garbage-first heap   total 2105344K, used 132126K [0x0000000500000000, 0x0000000800000000)
  region size 8192K, 12 young (98304K), 2 survivors (16384K)
 Metaspace       used 13364K, committed 13632K, reserved 1114112K
  class space    used 1365K, committed 1472K, reserved 1048576K
}
Event: 18.426 GC heap after
{Heap after GC invocations=3 (full 0):
 garbage-first heap   total 2105344K, used 63491K [0x0000000500000000, 0x0000000800000000)
  region size 8192K, 2 young (16384K), 2 survivors (16384K)
 Metaspace       used 13364K, committed 13632K, reserved 1114112K
  class space    used 1365K, committed 1472K, reserved 1048576K
}
Event: 18.741 GC heap before
{Heap before GC invocations=3 (full 0):
 garbage-first heap   total 2105344K, used 145411K [0x0000000500000000, 0x0000000800000000)
  region size 8192K, 12 young (98304K), 2 survivors (16384K)
 Metaspace       used 13519K, committed 13760K, reserved 1114112K
  class space    used 1366K, committed 1472K, reserved 1048576K
}
Event: 18.755 GC heap after
{Heap after GC invocations=4 (full 0):
 garbage-first heap   total 2105344K, used 81499K [0x0000000500000000, 0x0000000800000000)
  region size 8192K, 2 young (16384K), 2 survivors (16384K)
 Metaspace       used 13519K, committed 13760K, reserved 1114112K
  class space    used 1366K, committed 1472K, reserved 1048576K
}
Event: 19.041 GC heap before
{Heap before GC invocations=4 (full 0):
 garbage-first heap   total 2105344K, used 163419K [0x0000000500000000, 0x0000000800000000)
  region size 8192K, 12 young (98304K), 2 survivors (16384K)
 Metaspace       used 13552K, committed 13824K, reserved 1114112K
  class space    used 1366K, committed 1472K, reserved 1048576K
}
Event: 19.052 GC heap after
{Heap after GC invocations=5 (full 0):
 garbage-first heap   total 2105344K, used 91303K [0x0000000500000000, 0x0000000800000000)
  region size 8192K, 2 young (16384K), 2 survivors (16384K)
 Metaspace       used 13552K, committed 13824K, reserved 1114112K
  class space    used 1366K, committed 1472K, reserved 1048576K
}
Event: 19.396 GC heap before
{Heap before GC invocations=5 (full 0):
 garbage-first heap   total 2105344K, used 173223K [0x0000000500000000, 0x0000000800000000)
  region size 8192K, 12 young (98304K), 2 survivors (16384K)
 Metaspace       used 13573K, committed 13824K, reserved 1114112K
  class space    used 1366K, committed 1472K, reserved 1048576K
}
Event: 19.402 GC heap after
{Heap after GC invocations=6 (full 0):
 garbage-first heap   total 2105344K, used 93758K [0x0000000500000000, 0x0000000800000000)
  region size 8192K, 2 young (16384K), 2 survivors (16384K)
 Metaspace       used 13573K, committed 13824K, reserved 1114112K
  class space    used 1366K, committed 1472K, reserved 1048576K
}
Event: 20.113 GC heap before
{Heap before GC invocations=6 (full 0):
 garbage-first heap   total 2105344K, used 233022K [0x0000000500000000, 0x0000000800000000)
  region size 8192K, 19 young (155648K), 2 survivors (16384K)
 Metaspace       used 13578K, committed 13824K, reserved 1114112K
  class space    used 1366K, committed 1472K, reserved 1048576K
}
Event: 20.128 GC heap after
{Heap after GC invocations=7 (full 0):
 garbage-first heap   total 2105344K, used 106914K [0x0000000500000000, 0x0000000800000000)
  region size 8192K, 3 young (24576K), 3 survivors (24576K)
 Metaspace       used 13578K, committed 13824K, reserved 1114112K
  class space    used 1366K, committed 1472K, reserved 1048576K
}

